<?xml version="1.0" encoding="UTF-8" ?>
<testsuite tests="1" failures="0" name="com.examples.CucumberTest" time="1.701" errors="1" skipped="0">
  <properties>
[...]
</properties>
  <testcase classname="the employee can be retrieved" name="client makes call to GET /customer" time="1.701">
    <error message="Connection refused: connect" type="java.net.ConnectException">java.net.ConnectException: Connection refused: connect
	at java.net.DualStackPlainSocketImpl.connect0(Native Method)
	at java.net.DualStackPlainSocketImpl.socketConnect(DualStackPlainSocketImpl.java:79)
	at java.net.AbstractPlainSocketImpl.doConnect(AbstractPlainSocketImpl.java:350)
	at java.net.AbstractPlainSocketImpl.connectToAddress(AbstractPlainSocketImpl.java:206)
	at java.net.AbstractPlainSocketImpl.connect(AbstractPlainSocketImpl.java:188)
	at java.net.PlainSocketImpl.connect(PlainSocketImpl.java:172)
	at java.net.SocksSocketImpl.connect(SocksSocketImpl.java:392)
	at java.net.Socket.connect(Socket.java:589)
	at org.apache.http.conn.scheme.PlainSocketFactory.connectSocket(PlainSocketFactory.java:121)
	at org.apache.http.impl.conn.DefaultClientConnectionOperator.openConnection(DefaultClientConnectionOperator.java:180)
	at org.apache.http.impl.conn.ManagedClientConnectionImpl.open(ManagedClientConnectionImpl.java:326)
	at org.apache.http.impl.client.DefaultRequestDirector.tryConnect(DefaultRequestDirector.java:610)
	at org.apache.http.impl.client.DefaultRequestDirector.execute(DefaultRequestDirector.java:445)
	at org.apache.http.impl.client.AbstractHttpClient.doExecute(AbstractHttpClient.java:835)
	at org.apache.http.impl.client.CloseableHttpClient.execute(CloseableHttpClient.java:83)
	at org.apache.http.impl.client.CloseableHttpClient.execute(CloseableHttpClient.java:108)
	at org.apache.http.impl.client.CloseableHttpClient.execute(CloseableHttpClient.java:56)
	at com.examples.SpringIntegrationTest.executeGet(SpringIntegrationTest.java:34)
	at com.examples.EmployeeDefs.the_employee_issues_GET_version(EmployeeDefs.java:14)
	at ✽.the client calls /customer(src/main/resources/employee.feature:3)
</error>
    <system-out>Feature: the employee can be retrieved

  Scenario: client makes call to GET /customer    &amp;#27;[90m# src/main/resources/employee.feature:2&amp;#27;[0m
17:28:38.570 [main] DEBUG org.apache.http.impl.conn.BasicClientConnectionManager - Get connection for route {}-&gt;http://localhost:8090
17:28:38.594 [main] DEBUG org.apache.http.impl.conn.DefaultClientConnectionOperator - Connecting to localhost:8090
17:28:39.600 [main] DEBUG org.apache.http.impl.conn.DefaultClientConnection - Connection org.apache.http.impl.conn.DefaultClientConnection@7216fb24 closed
17:28:39.600 [main] DEBUG org.apache.http.impl.conn.DefaultClientConnection - Connection org.apache.http.impl.conn.DefaultClientConnection@7216fb24 shut down
17:28:39.600 [main] DEBUG org.apache.http.impl.conn.BasicClientConnectionManager - Releasing connection org.apache.http.impl.conn.ManagedClientConnectionImpl@2072acb2
    &amp;#27;[31mWhen &amp;#27;[0m&amp;#27;[31mthe client calls /customer&amp;#27;[0m               &amp;#27;[90m# EmployeeDefs.the_employee_issues_GET_version()&amp;#27;[0m
      &amp;#27;[31mjava.net.ConnectException: Connection refused: connect
	at java.net.DualStackPlainSocketImpl.connect0(Native Method)
	at java.net.DualStackPlainSocketImpl.socketConnect(DualStackPlainSocketImpl.java:79)
	at java.net.AbstractPlainSocketImpl.doConnect(AbstractPlainSocketImpl.java:350)
	at java.net.AbstractPlainSocketImpl.connectToAddress(AbstractPlainSocketImpl.java:206)
	at java.net.AbstractPlainSocketImpl.connect(AbstractPlainSocketImpl.java:188)
	at java.net.PlainSocketImpl.connect(PlainSocketImpl.java:172)
	at java.net.SocksSocketImpl.connect(SocksSocketImpl.java:392)
	at java.net.Socket.connect(Socket.java:589)
	at org.apache.http.conn.scheme.PlainSocketFactory.connectSocket(PlainSocketFactory.java:121)
	at org.apache.http.impl.conn.DefaultClientConnectionOperator.openConnection(DefaultClientConnectionOperator.java:180)
	at org.apache.http.impl.conn.ManagedClientConnectionImpl.open(ManagedClientConnectionImpl.java:326)
	at org.apache.http.impl.client.DefaultRequestDirector.tryConnect(DefaultRequestDirector.java:610)
	at org.apache.http.impl.client.DefaultRequestDirector.execute(DefaultRequestDirector.java:445)
	at org.apache.http.impl.client.AbstractHttpClient.doExecute(AbstractHttpClient.java:835)
	at org.apache.http.impl.client.CloseableHttpClient.execute(CloseableHttpClient.java:83)
	at org.apache.http.impl.client.CloseableHttpClient.execute(CloseableHttpClient.java:108)
	at org.apache.http.impl.client.CloseableHttpClient.execute(CloseableHttpClient.java:56)
	at com.examples.SpringIntegrationTest.executeGet(SpringIntegrationTest.java:34)
	at com.examples.EmployeeDefs.the_employee_issues_GET_version(EmployeeDefs.java:14)
	at ?.the client calls /customer(src/main/resources/employee.feature:3)
&amp;#27;[0m
    &amp;#27;[36mThen &amp;#27;[0m&amp;#27;[36mthe employee receives status code of &amp;#27;[0m&amp;#27;[36m&amp;#27;[1m200&amp;#27;[0m &amp;#27;[90m# EmployeeDefs.thestatus_code_of_employee_code(int)&amp;#27;[0m
    &amp;#27;[36mAnd &amp;#27;[0m&amp;#27;[36mthe response should contain:&amp;#27;[0m              &amp;#27;[90m# EmployeeDefs.the_employee_receives_server_version_body(String)&amp;#27;[0m
</system-out>
  </testcase>
</testsuite>